DEPRECATION WARNING: ActiveRecord::Base.raise_in_transactional_callbacks= is deprecated, has no effect and will be removed without replacement. (called from <top (required)> at /Users/appacademy/Desktop/app-academy/curriculum/html-css/projects/aa_times/skeleton/config/environment.rb:5)
DEPRECATION WARNING: Passing #original_exception is deprecated and has no effect. Exceptions will automatically capture the original exception. (called from require at /Users/appacademy/Desktop/app-academy/curriculum/html-css/projects/aa_times/skeleton/bin/rails:9)
DEPRECATION WARNING: ActiveRecord::Base.raise_in_transactional_callbacks= is deprecated, has no effect and will be removed without replacement. (called from require at /Users/appacademy/Desktop/app-academy/curriculum/html-css/projects/aa_times/skeleton/bin/rails:9)
  [1m[35m (6.2ms)[0m  [1m[35mCREATE TABLE "schema_migrations" ("version" varchar NOT NULL PRIMARY KEY)[0m
  [1m[35m (2.7ms)[0m  [1m[35mCREATE TABLE "ar_internal_metadata" ("key" varchar NOT NULL PRIMARY KEY, "value" varchar, "created_at" datetime NOT NULL, "updated_at" datetime NOT NULL)[0m
  [1m[36mActiveRecord::InternalMetadata Load (0.3ms)[0m  [1m[34mSELECT  "ar_internal_metadata".* FROM "ar_internal_metadata" WHERE "ar_internal_metadata"."key" = ? LIMIT ?[0m  [["key", "environment"], ["LIMIT", 1]]
  [1m[35m (0.1ms)[0m  [1m[36mbegin transaction[0m
  [1m[35mSQL (0.5ms)[0m  [1m[32mINSERT INTO "ar_internal_metadata" ("key", "value", "created_at", "updated_at") VALUES (?, ?, ?, ?)[0m  [["key", "environment"], ["value", "development"], ["created_at", "2018-05-08 13:28:35.437337"], ["updated_at", "2018-05-08 13:28:35.437337"]]
  [1m[35m (2.2ms)[0m  [1m[36mcommit transaction[0m
  [1m[36mActiveRecord::SchemaMigration Load (0.1ms)[0m  [1m[34mSELECT "schema_migrations".* FROM "schema_migrations"[0m
Started GET "/" for ::1 at 2018-05-08 09:29:10 -0400
DEPRECATION WARNING: ActiveRecord::Base.raise_in_transactional_callbacks= is deprecated, has no effect and will be removed without replacement. (called from block (3 levels) in <class:Railtie> at /usr/local/var/rbenv/versions/2.3.1/lib/ruby/gems/2.3.0/gems/activerecord-5.0.7/lib/active_record/railtie.rb:113)
Processing by StaticPagesController#index as HTML
  Rendering static_pages/index.html.erb within layouts/application
  Rendered shared/_main_nav.html.erb (0.7ms)
  Rendered shared/_masthead.html.erb (0.5ms)
  Rendered shared/_sections_nav.html.erb (0.9ms)
  Rendered shared/_search_modal.html.erb (0.5ms)
  Rendered shared/_main_content.html.erb (0.4ms)
  Rendered static_pages/index.html.erb within layouts/application (32.0ms)
Completed 200 OK in 817ms (Views: 810.1ms | ActiveRecord: 0.0ms)


Started GET "/assets/components/dropdown.self-815016af6fab1d5b72abd319213bf62f0c42bab2c585d2e059543ae704a0d74c.js?body=1" for ::1 at 2018-05-08 09:29:11 -0400
Started GET "/assets/components/modal.self-52188644dbb47def5ee35ae02e69eb567ca9b664472357a8a5789dd39032a265.js?body=1" for ::1 at 2018-05-08 09:29:11 -0400
Started GET "/assets/components/sidebar.self-2a1277f850a6fa21e1a974ef5152f177ac05516477d5081d593bb137b3d6808b.js?body=1" for ::1 at 2018-05-08 09:29:11 -0400
Started GET "/assets/application.self-f571b9db02bf4ed04c38a6a29072ac382f7d4f47db1fab9817aeadb0d8665235.js?body=1" for ::1 at 2018-05-08 09:29:11 -0400
Started GET "/assets/application.self-b663423749731f7aefc12aab04903643ffbbfafb45fcfb66496adb852614caef.css?body=1" for ::1 at 2018-05-08 09:29:11 -0400
Started GET "/" for ::1 at 2018-09-17 11:00:10 -0700
DEPRECATION WARNING: ActiveRecord::Base.raise_in_transactional_callbacks= is deprecated, has no effect and will be removed without replacement. (called from block (3 levels) in <class:Railtie> at /usr/local/var/rbenv/versions/2.5.0/lib/ruby/gems/2.5.0/gems/activerecord-5.0.7/lib/active_record/railtie.rb:113)
Processing by StaticPagesController#index as HTML
  Rendering static_pages/index.html.erb within layouts/application
  Rendered shared/_main_nav.html.erb (0.4ms)
  Rendered shared/_masthead.html.erb (0.3ms)
  Rendered shared/_sections_nav.html.erb (0.4ms)
  Rendered shared/_search_modal.html.erb (0.3ms)
  Rendered shared/_main_content.html.erb (0.3ms)
  Rendered static_pages/index.html.erb within layouts/application (15.2ms)
Completed 200 OK in 785ms (Views: 782.1ms | ActiveRecord: 0.0ms)


Started GET "/assets/jquery.self-bd7ddd393353a8d2480a622e80342adf488fb6006d667e8b42e4c0073393abee.js?body=1" for ::1 at 2018-09-17 11:00:11 -0700
Started GET "/assets/application.self-5843d6fce71d8bbbeee71eb2d466f83b2263697a417d4f26a2d149a32b553ba5.css?body=1" for ::1 at 2018-09-17 11:00:12 -0700
Started GET "/assets/components/dropdown.self-815016af6fab1d5b72abd319213bf62f0c42bab2c585d2e059543ae704a0d74c.js?body=1" for ::1 at 2018-09-17 11:00:12 -0700
Started GET "/assets/components/modal.self-52188644dbb47def5ee35ae02e69eb567ca9b664472357a8a5789dd39032a265.js?body=1" for ::1 at 2018-09-17 11:00:12 -0700
Started GET "/assets/components/sidebar.self-2a1277f850a6fa21e1a974ef5152f177ac05516477d5081d593bb137b3d6808b.js?body=1" for ::1 at 2018-09-17 11:00:12 -0700
Started GET "/assets/jquery_ujs.self-784a997f6726036b1993eb2217c9cb558e1cbb801c6da88105588c56f13b466a.js?body=1" for ::1 at 2018-09-17 11:00:12 -0700
Started GET "/assets/application.self-f571b9db02bf4ed04c38a6a29072ac382f7d4f47db1fab9817aeadb0d8665235.js?body=1" for ::1 at 2018-09-17 11:00:12 -0700
Started GET "/" for ::1 at 2018-09-17 11:00:57 -0700
Processing by StaticPagesController#index as HTML
  Rendering static_pages/index.html.erb within layouts/application
  Rendered shared/_main_nav.html.erb (0.4ms)
  Rendered shared/_masthead.html.erb (0.6ms)
  Rendered shared/_sections_nav.html.erb (0.4ms)
  Rendered shared/_search_modal.html.erb (0.4ms)
  Rendered shared/_main_content.html.erb (0.4ms)
  Rendered static_pages/index.html.erb within layouts/application (14.0ms)
Completed 200 OK in 36ms (Views: 33.1ms | ActiveRecord: 0.0ms)


Started GET "/assets/application.self-5843d6fce71d8bbbeee71eb2d466f83b2263697a417d4f26a2d149a32b553ba5.css?body=1&livereload=1537207708893" for ::1 at 2018-09-17 11:08:28 -0700
Started GET "/assets/application.self-5843d6fce71d8bbbeee71eb2d466f83b2263697a417d4f26a2d149a32b553ba5.css?body=1&livereload=1537207708880" for ::1 at 2018-09-17 11:08:28 -0700
Started GET "/assets/application.self-5843d6fce71d8bbbeee71eb2d466f83b2263697a417d4f26a2d149a32b553ba5.css?body=1&livereload=1537207726791" for ::1 at 2018-09-17 11:08:46 -0700
Started GET "/assets/application.self-5843d6fce71d8bbbeee71eb2d466f83b2263697a417d4f26a2d149a32b553ba5.css?body=1&livereload=1537207726793" for ::1 at 2018-09-17 11:08:46 -0700
Started GET "/assets/application.self-5843d6fce71d8bbbeee71eb2d466f83b2263697a417d4f26a2d149a32b553ba5.css?body=1&livereload=1537207812840" for ::1 at 2018-09-17 11:10:12 -0700
Started GET "/assets/application.self-5843d6fce71d8bbbeee71eb2d466f83b2263697a417d4f26a2d149a32b553ba5.css?body=1&livereload=1537207812843" for ::1 at 2018-09-17 11:10:12 -0700
Started GET "/assets/application.self-5843d6fce71d8bbbeee71eb2d466f83b2263697a417d4f26a2d149a32b553ba5.css?body=1&livereload=1537207846031" for ::1 at 2018-09-17 11:10:46 -0700
Started GET "/assets/application.self-5843d6fce71d8bbbeee71eb2d466f83b2263697a417d4f26a2d149a32b553ba5.css?body=1&livereload=1537207846032" for ::1 at 2018-09-17 11:10:46 -0700
Started GET "/assets/application.self-5843d6fce71d8bbbeee71eb2d466f83b2263697a417d4f26a2d149a32b553ba5.css?body=1&livereload=1537207943658" for ::1 at 2018-09-17 11:12:23 -0700
Started GET "/assets/application.self-5843d6fce71d8bbbeee71eb2d466f83b2263697a417d4f26a2d149a32b553ba5.css?body=1&livereload=1537207943660" for ::1 at 2018-09-17 11:12:23 -0700
Started GET "/assets/application.self-5843d6fce71d8bbbeee71eb2d466f83b2263697a417d4f26a2d149a32b553ba5.css?body=1&livereload=1537207963953" for ::1 at 2018-09-17 11:12:43 -0700
Started GET "/assets/application.self-5843d6fce71d8bbbeee71eb2d466f83b2263697a417d4f26a2d149a32b553ba5.css?body=1&livereload=1537207963954" for ::1 at 2018-09-17 11:12:43 -0700
Started GET "/" for ::1 at 2018-09-17 11:13:03 -0700
Processing by StaticPagesController#index as HTML
  Rendering static_pages/index.html.erb within layouts/application
  Rendered shared/_main_nav.html.erb (0.3ms)
  Rendered shared/_masthead.html.erb (0.2ms)
  Rendered shared/_sections_nav.html.erb (0.5ms)
  Rendered shared/_search_modal.html.erb (0.3ms)
  Rendered shared/_main_content.html.erb (0.2ms)
  Rendered static_pages/index.html.erb within layouts/application (10.9ms)
Completed 200 OK in 152ms (Views: 129.6ms | ActiveRecord: 0.0ms)


Started GET "/assets/application.self-ef9ca7e318aad8d9b9fb7c28d9695436e0757709b657d8b2205a41236b7ae152.css?body=1" for ::1 at 2018-09-17 11:13:03 -0700
